Reading netlist file: "N:\Projekte\Soundboards\FPGA Soundboard GTB\source\HW 3.x GOSOF Tang nano 9K\impl\gwsynthesis\GOSOF80.vg"
Parsing netlist file "N:\Projekte\Soundboards\FPGA Soundboard GTB\source\HW 3.x GOSOF Tang nano 9K\impl\gwsynthesis\GOSOF80.vg" completed
Processing netlist completed
Reading constraint file: "N:\Projekte\Soundboards\FPGA Soundboard GTB\source\HW 3.x GOSOF Tang nano 9K\src\GOSOF80.cst"
Physical Constraint parsed completed
Running placement......
[10%] Placement Phase 0 completed
[20%] Placement Phase 1 completed
[30%] Placement Phase 2 completed
[50%] Placement Phase 3 completed
Running routing......
[60%] Routing Phase 0 completed
[70%] Routing Phase 1 completed
[80%] Routing Phase 2 completed
[90%] Routing Phase 3 completed
Running timing analysis......
[95%] Timing analysis completed
Placement and routing completed
Bitstream generation in progress......
Bitstream generation completed
Running power analysis......
[100%] Power analysis completed
Generate file "N:\Projekte\Soundboards\FPGA Soundboard GTB\source\HW 3.x GOSOF Tang nano 9K\impl\pnr\GOSOF80.power.html" completed
Generate file "N:\Projekte\Soundboards\FPGA Soundboard GTB\source\HW 3.x GOSOF Tang nano 9K\impl\pnr\GOSOF80.pin.html" completed
Generate file "N:\Projekte\Soundboards\FPGA Soundboard GTB\source\HW 3.x GOSOF Tang nano 9K\impl\pnr\GOSOF80.rpt.html" completed
Generate file "N:\Projekte\Soundboards\FPGA Soundboard GTB\source\HW 3.x GOSOF Tang nano 9K\impl\pnr\GOSOF80.rpt.txt" completed
Generate file "N:\Projekte\Soundboards\FPGA Soundboard GTB\source\HW 3.x GOSOF Tang nano 9K\impl\pnr\GOSOF80.tr.html" completed
Mon Apr  7 17:53:51 2025

